<?xml version="1.0" encoding="UTF-8"?>
<testng-results skipped="0" failed="0" total="1" passed="1">
  <reporter-output>
  </reporter-output>
  <suite name="Shop Suite" duration-ms="7132" started-at="2015-07-14T04:28:10Z" finished-at="2015-07-14T04:28:17Z">
    <groups>
    </groups>
    <test name="AddProduct Test" duration-ms="7132" started-at="2015-07-14T04:28:10Z" finished-at="2015-07-14T04:28:17Z">
      <class name="com.javawebdriver.suiteA.AddProductTest">
        <test-method status="PASS" signature="checkSuiteSkip()[pri:0, instance:com.javawebdriver.suiteA.AddProductTest@1d251891]" name="checkSuiteSkip" is-config="true" duration-ms="455" started-at="2015-07-14T00:28:10Z" finished-at="2015-07-14T00:28:10Z">
          <reporter-output>
          </reporter-output>
        </test-method> <!-- checkSuiteSkip -->
        <test-method status="PASS" signature="checkTestSkip()[pri:0, instance:com.javawebdriver.suiteA.AddProductTest@1d251891]" name="checkTestSkip" is-config="true" duration-ms="2" started-at="2015-07-14T00:28:10Z" finished-at="2015-07-14T00:28:10Z">
          <reporter-output>
          </reporter-output>
        </test-method> <!-- checkTestSkip -->
        <test-method status="PASS" signature="addProductToBasket(java.lang.String, java.lang.String, java.lang.String, java.lang.String, java.lang.String)[pri:0, instance:com.javawebdriver.suiteA.AddProductTest@1d251891]" name="addProductToBasket" duration-ms="6604" started-at="2015-07-14T00:28:10Z" data-provider="getTestData" finished-at="2015-07-14T00:28:17Z">
          <params>
            <param index="0">
              <value>
                <![CDATA[Google Nexus S]]>
              </value>
            </param>
            <param index="1">
              <value>
                <![CDATA[black]]>
              </value>
            </param>
            <param index="2">
              <value>
                <![CDATA[8 GB]]>
              </value>
            </param>
            <param index="3">
              <value>
                <![CDATA[XYZ]]>
              </value>
            </param>
            <param index="4">
              <value>
                <![CDATA[2.0]]>
              </value>
            </param>
          </params>
          <reporter-output>
          </reporter-output>
        </test-method> <!-- addProductToBasket -->
        <test-method status="PASS" signature="reportDataSetResult()[pri:0, instance:com.javawebdriver.suiteA.AddProductTest@1d251891]" name="reportDataSetResult" is-config="true" duration-ms="484" started-at="2015-07-14T00:28:17Z" finished-at="2015-07-14T00:28:17Z">
          <reporter-output>
          </reporter-output>
        </test-method> <!-- reportDataSetResult -->
        <test-method status="PASS" signature="reportTestResult()[pri:0, instance:com.javawebdriver.suiteA.AddProductTest@1d251891]" name="reportTestResult" is-config="true" duration-ms="30" started-at="2015-07-14T00:28:17Z" finished-at="2015-07-14T00:28:17Z">
          <reporter-output>
          </reporter-output>
        </test-method> <!-- reportTestResult -->
      </class> <!-- com.javawebdriver.suiteA.AddProductTest -->
    </test> <!-- AddProduct Test -->
  </suite> <!-- Shop Suite -->
</testng-results>
